preference/runtime/base/build/intermediates/manifest_merge_blame_file/release/manifest-merger-blame-release-report.txt
1<?xml version="1.0" encoding="utf-8"?>
2<manifest xmlns:android="http://schemas.android.com/apk/res/android"
3    package="com.mars.preference.base" >
4
5    <uses-sdk
6        android:minSdkVersion="21"
6-->native/main/AndroidManifest.xml
7        android:targetSdkVersion="30" />
7-->native/main/AndroidManifest.xml
8
9</manifest>